stdio    D         file_stdio.c:110  file_stdio_fopen                 [   0.00000] opening C:\Users\faelp\Documents\Estudos\Programação\ProjetosCodeBlocks\Allegro_v1\bin\Debug\allegro5.cfg r
system   D            wsystem.c:874  _al_win_safe_load_library        [   0.00000] PathFindOnPath found: C:\Windows\system32\shcore.dll
system   D            wsystem.c:780  load_library_at_path             [   0.00000] Calling LoadLibrary C:\Windows\system32\shcore.dll
system   I            wsystem.c:783  load_library_at_path             [   0.00000] Loaded C:\Windows\system32\shcore.dll
system   I             system.c:271  al_install_system                [   0.00000] Allegro version: 5.2.7
system   D            wsystem.c:874  _al_win_safe_load_library        [   0.00054] PathFindOnPath found: C:\Windows\system32\d3d9.dll
system   D            wsystem.c:780  load_library_at_path             [   0.00058] Calling LoadLibrary C:\Windows\system32\d3d9.dll
system   I            wsystem.c:783  load_library_at_path             [   0.00394] Loaded C:\Windows\system32\d3d9.dll
d3d      I         d3d_disp.cpp:684  d3d_init_display                 [   0.05214] Render-to-texture: 1
d3d      I         d3d_disp.cpp:1782 d3d_create_display_locked        [   0.05302] faux_fullscreen=0
d3d      D         d3d_disp.cpp:1783 d3d_create_display_locked        [   0.05306] al_display=0000011eb48090c0
d3d      D         d3d_disp.cpp:1784 d3d_create_display_locked        [   0.05308] al_display->vt=0000011eb4808f50
d3d      I d3d_display_formats.cpp:144  _al_d3d_generate_display_format_list [   0.05800] found 160 format combinations
display  D   display_settings.c:212  debug_display_settings           [   0.05805] color: 32 (rgba 8880), depth: 0, stencil: 0, acc: 0000, samples: 0/0
display  D   display_settings.c:527  _al_score_display_settings       [   0.05808] Score is : 897
display  D   display_settings.c:212  debug_display_settings           [   0.05810] color: 32 (rgba 8880), depth: 0, stencil: 0, acc: 0000, samples: 0/0
display  D   display_settings.c:527  _al_score_display_settings       [   0.05813] Score is : 897
display  D   display_settings.c:212  debug_display_settings           [   0.05815] color: 32 (rgba 8880), depth: 0, stencil: 0, acc: 0000, samples: 2/1
display  D   display_settings.c:527  _al_score_display_settings       [   0.05817] Score is : 726
display  D   display_settings.c:212  debug_display_settings           [   0.05819] color: 32 (rgba 8880), depth: 0, stencil: 0, acc: 0000, samples: 3/1
display  D   display_settings.c:527  _al_score_display_settings       [   0.05821] Score is : 721
display  D   display_settings.c:212  debug_display_settings           [   0.05823] color: 32 (rgba 8880), depth: 0, stencil: 0, acc: 0000, samples: 4/1
display  D   display_settings.c:527  _al_score_display_settings       [   0.05825] Score is : 717
display  D   display_settings.c:212  debug_display_settings           [   0.05827] color: 32 (rgba 8880), depth: 24, stencil: 8, acc: 0000, samples: 0/0
display  D   display_settings.c:527  _al_score_display_settings       [   0.05829] Score is : 897
display  D   display_settings.c:212  debug_display_settings           [   0.05831] color: 32 (rgba 8880), depth: 24, stencil: 8, acc: 0000, samples: 0/0
display  D   display_settings.c:527  _al_score_display_settings       [   0.05833] Score is : 897
display  D   display_settings.c:212  debug_display_settings           [   0.05835] color: 32 (rgba 8880), depth: 24, stencil: 8, acc: 0000, samples: 2/1
display  D   display_settings.c:527  _al_score_display_settings       [   0.05837] Score is : 726
display  D   display_settings.c:212  debug_display_settings           [   0.05839] color: 32 (rgba 8880), depth: 24, stencil: 8, acc: 0000, samples: 3/1
display  D   display_settings.c:527  _al_score_display_settings       [   0.05841] Score is : 721
display  D   display_settings.c:212  debug_display_settings           [   0.05843] color: 32 (rgba 8880), depth: 24, stencil: 8, acc: 0000, samples: 4/1
display  D   display_settings.c:527  _al_score_display_settings       [   0.05845] Score is : 717
display  D   display_settings.c:212  debug_display_settings           [   0.05855] color: 32 (rgba 8880), depth: 24, stencil: 0, acc: 0000, samples: 0/0
display  D   display_settings.c:527  _al_score_display_settings       [   0.05858] Score is : 897
display  D   display_settings.c:212  debug_display_settings           [   0.05860] color: 32 (rgba 8880), depth: 24, stencil: 0, acc: 0000, samples: 0/0
display  D   display_settings.c:527  _al_score_display_settings       [   0.05862] Score is : 897
display  D   display_settings.c:212  debug_display_settings           [   0.05864] color: 32 (rgba 8880), depth: 24, stencil: 0, acc: 0000, samples: 2/1
display  D   display_settings.c:527  _al_score_display_settings       [   0.05867] Score is : 726
display  D   display_settings.c:212  debug_display_settings           [   0.05869] color: 32 (rgba 8880), depth: 24, stencil: 0, acc: 0000, samples: 3/1
display  D   display_settings.c:527  _al_score_display_settings       [   0.05871] Score is : 721
display  D   display_settings.c:212  debug_display_settings           [   0.05873] color: 32 (rgba 8880), depth: 24, stencil: 0, acc: 0000, samples: 4/1
display  D   display_settings.c:527  _al_score_display_settings       [   0.05875] Score is : 717
display  D   display_settings.c:212  debug_display_settings           [   0.05877] color: 32 (rgba 8880), depth: 16, stencil: 0, acc: 0000, samples: 0/0
display  D   display_settings.c:527  _al_score_display_settings       [   0.05879] Score is : 897
display  D   display_settings.c:212  debug_display_settings           [   0.05881] color: 32 (rgba 8880), depth: 16, stencil: 0, acc: 0000, samples: 0/0
display  D   display_settings.c:527  _al_score_display_settings       [   0.05892] Score is : 897
display  D   display_settings.c:212  debug_display_settings           [   0.05900] color: 32 (rgba 8880), depth: 16, stencil: 0, acc: 0000, samples: 2/1
display  D   display_settings.c:527  _al_score_display_settings       [   0.05903] Score is : 726
display  D   display_settings.c:212  debug_display_settings           [   0.05905] color: 32 (rgba 8880), depth: 16, stencil: 0, acc: 0000, samples: 3/1
display  D   display_settings.c:527  _al_score_display_settings       [   0.05908] Score is : 721
display  D   display_settings.c:212  debug_display_settings           [   0.05910] color: 32 (rgba 8880), depth: 16, stencil: 0, acc: 0000, samples: 4/1
display  D   display_settings.c:527  _al_score_display_settings       [   0.05913] Score is : 717
display  D   display_settings.c:212  debug_display_settings           [   0.05915] color: 16 (rgba 5650), depth: 0, stencil: 0, acc: 0000, samples: 0/0
display  D   display_settings.c:527  _al_score_display_settings       [   0.05918] Score is : 897
display  D   display_settings.c:212  debug_display_settings           [   0.05921] color: 16 (rgba 5650), depth: 0, stencil: 0, acc: 0000, samples: 0/0
display  D   display_settings.c:527  _al_score_display_settings       [   0.05923] Score is : 897
display  D   display_settings.c:212  debug_display_settings           [   0.05926] color: 16 (rgba 5650), depth: 0, stencil: 0, acc: 0000, samples: 2/1
display  D   display_settings.c:527  _al_score_display_settings       [   0.05928] Score is : 726
display  D   display_settings.c:212  debug_display_settings           [   0.05930] color: 16 (rgba 5650), depth: 0, stencil: 0, acc: 0000, samples: 3/1
display  D   display_settings.c:527  _al_score_display_settings       [   0.05932] Score is : 721
display  D   display_settings.c:212  debug_display_settings           [   0.05934] color: 16 (rgba 5650), depth: 0, stencil: 0, acc: 0000, samples: 4/1
display  D   display_settings.c:527  _al_score_display_settings       [   0.05936] Score is : 717
display  D   display_settings.c:212  debug_display_settings           [   0.05938] color: 16 (rgba 5650), depth: 24, stencil: 8, acc: 0000, samples: 0/0
display  D   display_settings.c:527  _al_score_display_settings       [   0.05941] Score is : 897
display  D   display_settings.c:212  debug_display_settings           [   0.05946] color: 16 (rgba 5650), depth: 24, stencil: 8, acc: 0000, samples: 0/0
display  D   display_settings.c:527  _al_score_display_settings       [   0.05950] Score is : 897
display  D   display_settings.c:212  debug_display_settings           [   0.05953] color: 16 (rgba 5650), depth: 24, stencil: 8, acc: 0000, samples: 2/1
display  D   display_settings.c:527  _al_score_display_settings       [   0.05956] Score is : 726
display  D   display_settings.c:212  debug_display_settings           [   0.05959] color: 16 (rgba 5650), depth: 24, stencil: 8, acc: 0000, samples: 3/1
display  D   display_settings.c:527  _al_score_display_settings       [   0.05961] Score is : 721
display  D   display_settings.c:212  debug_display_settings           [   0.05964] color: 16 (rgba 5650), depth: 24, stencil: 8, acc: 0000, samples: 4/1
display  D   display_settings.c:527  _al_score_display_settings       [   0.05966] Score is : 717
display  D   display_settings.c:212  debug_display_settings           [   0.05968] color: 16 (rgba 5650), depth: 24, stencil: 0, acc: 0000, samples: 0/0
display  D   display_settings.c:527  _al_score_display_settings       [   0.05970] Score is : 897
display  D   display_settings.c:212  debug_display_settings           [   0.05972] color: 16 (rgba 5650), depth: 24, stencil: 0, acc: 0000, samples: 0/0
display  D   display_settings.c:527  _al_score_display_settings       [   0.05975] Score is : 897
display  D   display_settings.c:212  debug_display_settings           [   0.05977] color: 16 (rgba 5650), depth: 24, stencil: 0, acc: 0000, samples: 2/1
display  D   display_settings.c:527  _al_score_display_settings       [   0.05979] Score is : 726
display  D   display_settings.c:212  debug_display_settings           [   0.05981] color: 16 (rgba 5650), depth: 24, stencil: 0, acc: 0000, samples: 3/1
display  D   display_settings.c:527  _al_score_display_settings       [   0.05983] Score is : 721
display  D   display_settings.c:212  debug_display_settings           [   0.05985] color: 16 (rgba 5650), depth: 24, stencil: 0, acc: 0000, samples: 4/1
display  D   display_settings.c:527  _al_score_display_settings       [   0.05987] Score is : 717
display  D   display_settings.c:212  debug_display_settings           [   0.05989] color: 16 (rgba 5650), depth: 16, stencil: 0, acc: 0000, samples: 0/0
display  D   display_settings.c:527  _al_score_display_settings       [   0.05991] Score is : 897
display  D   display_settings.c:212  debug_display_settings           [   0.05993] color: 16 (rgba 5650), depth: 16, stencil: 0, acc: 0000, samples: 0/0
display  D   display_settings.c:527  _al_score_display_settings       [   0.05995] Score is : 897
display  D   display_settings.c:212  debug_display_settings           [   0.05997] color: 16 (rgba 5650), depth: 16, stencil: 0, acc: 0000, samples: 2/1
display  D   display_settings.c:527  _al_score_display_settings       [   0.05999] Score is : 726
display  D   display_settings.c:212  debug_display_settings           [   0.06001] color: 16 (rgba 5650), depth: 16, stencil: 0, acc: 0000, samples: 3/1
display  D   display_settings.c:527  _al_score_display_settings       [   0.06004] Score is : 721
display  D   display_settings.c:212  debug_display_settings           [   0.06005] color: 16 (rgba 5650), depth: 16, stencil: 0, acc: 0000, samples: 4/1
display  D   display_settings.c:527  _al_score_display_settings       [   0.06008] Score is : 717
display  D   display_settings.c:212  debug_display_settings           [   0.06010] color: 32 (rgba 8880), depth: 0, stencil: 0, acc: 0000, samples: 0/0
display  D   display_settings.c:398  _al_score_display_settings       [   0.06012] Single Buffer requirement not met.
display  D   display_settings.c:212  debug_display_settings           [   0.06014] color: 32 (rgba 8880), depth: 0, stencil: 0, acc: 0000, samples: 0/0
display  D   display_settings.c:398  _al_score_display_settings       [   0.06016] Single Buffer requirement not met.
display  D   display_settings.c:212  debug_display_settings           [   0.06018] color: 32 (rgba 8880), depth: 0, stencil: 0, acc: 0000, samples: 2/1
display  D   display_settings.c:398  _al_score_display_settings       [   0.06021] Single Buffer requirement not met.
display  D   display_settings.c:212  debug_display_settings           [   0.06023] color: 32 (rgba 8880), depth: 0, stencil: 0, acc: 0000, samples: 3/1
display  D   display_settings.c:398  _al_score_display_settings       [   0.06025] Single Buffer requirement not met.
display  D   display_settings.c:212  debug_display_settings           [   0.06027] color: 32 (rgba 8880), depth: 0, stencil: 0, acc: 0000, samples: 4/1
display  D   display_settings.c:398  _al_score_display_settings       [   0.06029] Single Buffer requirement not met.
display  D   display_settings.c:212  debug_display_settings           [   0.06031] color: 32 (rgba 8880), depth: 24, stencil: 8, acc: 0000, samples: 0/0
display  D   display_settings.c:398  _al_score_display_settings       [   0.06033] Single Buffer requirement not met.
display  D   display_settings.c:212  debug_display_settings           [   0.06035] color: 32 (rgba 8880), depth: 24, stencil: 8, acc: 0000, samples: 0/0
display  D   display_settings.c:398  _al_score_display_settings       [   0.06037] Single Buffer requirement not met.
display  D   display_settings.c:212  debug_display_settings           [   0.06039] color: 32 (rgba 8880), depth: 24, stencil: 8, acc: 0000, samples: 2/1
display  D   display_settings.c:398  _al_score_display_settings       [   0.06041] Single Buffer requirement not met.
display  D   display_settings.c:212  debug_display_settings           [   0.06044] color: 32 (rgba 8880), depth: 24, stencil: 8, acc: 0000, samples: 3/1
display  D   display_settings.c:398  _al_score_display_settings       [   0.06046] Single Buffer requirement not met.
display  D   display_settings.c:212  debug_display_settings           [   0.06048] color: 32 (rgba 8880), depth: 24, stencil: 8, acc: 0000, samples: 4/1
display  D   display_settings.c:398  _al_score_display_settings       [   0.06050] Single Buffer requirement not met.
display  D   display_settings.c:212  debug_display_settings           [   0.06052] color: 32 (rgba 8880), depth: 24, stencil: 0, acc: 0000, samples: 0/0
display  D   display_settings.c:398  _al_score_display_settings       [   0.06054] Single Buffer requirement not met.
display  D   display_settings.c:212  debug_display_settings           [   0.06056] color: 32 (rgba 8880), depth: 24, stencil: 0, acc: 0000, samples: 0/0
display  D   display_settings.c:398  _al_score_display_settings       [   0.06058] Single Buffer requirement not met.
display  D   display_settings.c:212  debug_display_settings           [   0.06060] color: 32 (rgba 8880), depth: 24, stencil: 0, acc: 0000, samples: 2/1
display  D   display_settings.c:398  _al_score_display_settings       [   0.06062] Single Buffer requirement not met.
display  D   display_settings.c:212  debug_display_settings           [   0.06064] color: 32 (rgba 8880), depth: 24, stencil: 0, acc: 0000, samples: 3/1
display  D   display_settings.c:398  _al_score_display_settings       [   0.06066] Single Buffer requirement not met.
display  D   display_settings.c:212  debug_display_settings           [   0.06068] color: 32 (rgba 8880), depth: 24, stencil: 0, acc: 0000, samples: 4/1
display  D   display_settings.c:398  _al_score_display_settings       [   0.06070] Single Buffer requirement not met.
display  D   display_settings.c:212  debug_display_settings           [   0.06072] color: 32 (rgba 8880), depth: 16, stencil: 0, acc: 0000, samples: 0/0
display  D   display_settings.c:398  _al_score_display_settings       [   0.06074] Single Buffer requirement not met.
display  D   display_settings.c:212  debug_display_settings           [   0.06076] color: 32 (rgba 8880), depth: 16, stencil: 0, acc: 0000, samples: 0/0
display  D   display_settings.c:398  _al_score_display_settings       [   0.06078] Single Buffer requirement not met.
display  D   display_settings.c:212  debug_display_settings           [   0.06090] color: 32 (rgba 8880), depth: 16, stencil: 0, acc: 0000, samples: 2/1
display  D   display_settings.c:398  _al_score_display_settings       [   0.06093] Single Buffer requirement not met.
display  D   display_settings.c:212  debug_display_settings           [   0.06096] color: 32 (rgba 8880), depth: 16, stencil: 0, acc: 0000, samples: 3/1
display  D   display_settings.c:398  _al_score_display_settings       [   0.06098] Single Buffer requirement not met.
display  D   display_settings.c:212  debug_display_settings           [   0.06100] color: 32 (rgba 8880), depth: 16, stencil: 0, acc: 0000, samples: 4/1
display  D   display_settings.c:398  _al_score_display_settings       [   0.06102] Single Buffer requirement not met.
display  D   display_settings.c:212  debug_display_settings           [   0.06104] color: 16 (rgba 5650), depth: 0, stencil: 0, acc: 0000, samples: 0/0
display  D   display_settings.c:398  _al_score_display_settings       [   0.06106] Single Buffer requirement not met.
display  D   display_settings.c:212  debug_display_settings           [   0.06108] color: 16 (rgba 5650), depth: 0, stencil: 0, acc: 0000, samples: 0/0
display  D   display_settings.c:398  _al_score_display_settings       [   0.06110] Single Buffer requirement not met.
display  D   display_settings.c:212  debug_display_settings           [   0.06112] color: 16 (rgba 5650), depth: 0, stencil: 0, acc: 0000, samples: 2/1
display  D   display_settings.c:398  _al_score_display_settings       [   0.06114] Single Buffer requirement not met.
display  D   display_settings.c:212  debug_display_settings           [   0.06116] color: 16 (rgba 5650), depth: 0, stencil: 0, acc: 0000, samples: 3/1
display  D   display_settings.c:398  _al_score_display_settings       [   0.06118] Single Buffer requirement not met.
display  D   display_settings.c:212  debug_display_settings           [   0.06120] color: 16 (rgba 5650), depth: 0, stencil: 0, acc: 0000, samples: 4/1
display  D   display_settings.c:398  _al_score_display_settings       [   0.06122] Single Buffer requirement not met.
display  D   display_settings.c:212  debug_display_settings           [   0.06124] color: 16 (rgba 5650), depth: 24, stencil: 8, acc: 0000, samples: 0/0
display  D   display_settings.c:398  _al_score_display_settings       [   0.06126] Single Buffer requirement not met.
display  D   display_settings.c:212  debug_display_settings           [   0.06128] color: 16 (rgba 5650), depth: 24, stencil: 8, acc: 0000, samples: 0/0
display  D   display_settings.c:398  _al_score_display_settings       [   0.06130] Single Buffer requirement not met.
display  D   display_settings.c:212  debug_display_settings           [   0.06133] color: 16 (rgba 5650), depth: 24, stencil: 8, acc: 0000, samples: 2/1
display  D   display_settings.c:398  _al_score_display_settings       [   0.06135] Single Buffer requirement not met.
display  D   display_settings.c:212  debug_display_settings           [   0.06137] color: 16 (rgba 5650), depth: 24, stencil: 8, acc: 0000, samples: 3/1
display  D   display_settings.c:398  _al_score_display_settings       [   0.06139] Single Buffer requirement not met.
display  D   display_settings.c:212  debug_display_settings           [   0.06141] color: 16 (rgba 5650), depth: 24, stencil: 8, acc: 0000, samples: 4/1
display  D   display_settings.c:398  _al_score_display_settings       [   0.06143] Single Buffer requirement not met.
display  D   display_settings.c:212  debug_display_settings           [   0.06145] color: 16 (rgba 5650), depth: 24, stencil: 0, acc: 0000, samples: 0/0
display  D   display_settings.c:398  _al_score_display_settings       [   0.06147] Single Buffer requirement not met.
display  D   display_settings.c:212  debug_display_settings           [   0.06149] color: 16 (rgba 5650), depth: 24, stencil: 0, acc: 0000, samples: 0/0
display  D   display_settings.c:398  _al_score_display_settings       [   0.06151] Single Buffer requirement not met.
display  D   display_settings.c:212  debug_display_settings           [   0.06153] color: 16 (rgba 5650), depth: 24, stencil: 0, acc: 0000, samples: 2/1
display  D   display_settings.c:398  _al_score_display_settings       [   0.06155] Single Buffer requirement not met.
display  D   display_settings.c:212  debug_display_settings           [   0.06158] color: 16 (rgba 5650), depth: 24, stencil: 0, acc: 0000, samples: 3/1
display  D   display_settings.c:398  _al_score_display_settings       [   0.06160] Single Buffer requirement not met.
display  D   display_settings.c:212  debug_display_settings           [   0.06162] color: 16 (rgba 5650), depth: 24, stencil: 0, acc: 0000, samples: 4/1
display  D   display_settings.c:398  _al_score_display_settings       [   0.06164] Single Buffer requirement not met.
display  D   display_settings.c:212  debug_display_settings           [   0.06166] color: 16 (rgba 5650), depth: 16, stencil: 0, acc: 0000, samples: 0/0
display  D   display_settings.c:398  _al_score_display_settings       [   0.06168] Single Buffer requirement not met.
display  D   display_settings.c:212  debug_display_settings           [   0.06170] color: 16 (rgba 5650), depth: 16, stencil: 0, acc: 0000, samples: 0/0
display  D   display_settings.c:398  _al_score_display_settings       [   0.06172] Single Buffer requirement not met.
display  D   display_settings.c:212  debug_display_settings           [   0.06174] color: 16 (rgba 5650), depth: 16, stencil: 0, acc: 0000, samples: 2/1
display  D   display_settings.c:398  _al_score_display_settings       [   0.06176] Single Buffer requirement not met.
display  D   display_settings.c:212  debug_display_settings           [   0.06178] color: 16 (rgba 5650), depth: 16, stencil: 0, acc: 0000, samples: 3/1
display  D   display_settings.c:398  _al_score_display_settings       [   0.06180] Single Buffer requirement not met.
display  D   display_settings.c:212  debug_display_settings           [   0.06183] color: 16 (rgba 5650), depth: 16, stencil: 0, acc: 0000, samples: 4/1
display  D   display_settings.c:398  _al_score_display_settings       [   0.06185] Single Buffer requirement not met.
display  D   display_settings.c:212  debug_display_settings           [   0.06187] color: 32 (rgba 8880), depth: 0, stencil: 0, acc: 0000, samples: 0/0
display  D   display_settings.c:527  _al_score_display_settings       [   0.06189] Score is : 769
display  D   display_settings.c:212  debug_display_settings           [   0.06191] color: 32 (rgba 8880), depth: 0, stencil: 0, acc: 0000, samples: 0/0
display  D   display_settings.c:527  _al_score_display_settings       [   0.06193] Score is : 769
display  D   display_settings.c:212  debug_display_settings           [   0.06195] color: 32 (rgba 8880), depth: 0, stencil: 0, acc: 0000, samples: 2/1
display  D   display_settings.c:527  _al_score_display_settings       [   0.06197] Score is : 598
display  D   display_settings.c:212  debug_display_settings           [   0.06199] color: 32 (rgba 8880), depth: 0, stencil: 0, acc: 0000, samples: 3/1
display  D   display_settings.c:527  _al_score_display_settings       [   0.06201] Score is : 593
display  D   display_settings.c:212  debug_display_settings           [   0.06203] color: 32 (rgba 8880), depth: 0, stencil: 0, acc: 0000, samples: 4/1
display  D   display_settings.c:527  _al_score_display_settings       [   0.06205] Score is : 589
display  D   display_settings.c:212  debug_display_settings           [   0.06207] color: 32 (rgba 8880), depth: 24, stencil: 8, acc: 0000, samples: 0/0
display  D   display_settings.c:527  _al_score_display_settings       [   0.06209] Score is : 769
display  D   display_settings.c:212  debug_display_settings           [   0.06211] color: 32 (rgba 8880), depth: 24, stencil: 8, acc: 0000, samples: 0/0
display  D   display_settings.c:527  _al_score_display_settings       [   0.06213] Score is : 769
display  D   display_settings.c:212  debug_display_settings           [   0.06215] color: 32 (rgba 8880), depth: 24, stencil: 8, acc: 0000, samples: 2/1
display  D   display_settings.c:527  _al_score_display_settings       [   0.06218] Score is : 598
display  D   display_settings.c:212  debug_display_settings           [   0.06220] color: 32 (rgba 8880), depth: 24, stencil: 8, acc: 0000, samples: 3/1
display  D   display_settings.c:527  _al_score_display_settings       [   0.06222] Score is : 593
display  D   display_settings.c:212  debug_display_settings           [   0.06224] color: 32 (rgba 8880), depth: 24, stencil: 8, acc: 0000, samples: 4/1
display  D   display_settings.c:527  _al_score_display_settings       [   0.06226] Score is : 589
display  D   display_settings.c:212  debug_display_settings           [   0.06228] color: 32 (rgba 8880), depth: 24, stencil: 0, acc: 0000, samples: 0/0
display  D   display_settings.c:527  _al_score_display_settings       [   0.06230] Score is : 769
display  D   display_settings.c:212  debug_display_settings           [   0.06232] color: 32 (rgba 8880), depth: 24, stencil: 0, acc: 0000, samples: 0/0
display  D   display_settings.c:527  _al_score_display_settings       [   0.06234] Score is : 769
display  D   display_settings.c:212  debug_display_settings           [   0.06236] color: 32 (rgba 8880), depth: 24, stencil: 0, acc: 0000, samples: 2/1
display  D   display_settings.c:527  _al_score_display_settings       [   0.06238] Score is : 598
display  D   display_settings.c:212  debug_display_settings           [   0.06240] color: 32 (rgba 8880), depth: 24, stencil: 0, acc: 0000, samples: 3/1
display  D   display_settings.c:527  _al_score_display_settings       [   0.06242] Score is : 593
display  D   display_settings.c:212  debug_display_settings           [   0.06244] color: 32 (rgba 8880), depth: 24, stencil: 0, acc: 0000, samples: 4/1
display  D   display_settings.c:527  _al_score_display_settings       [   0.06246] Score is : 589
display  D   display_settings.c:212  debug_display_settings           [   0.06248] color: 32 (rgba 8880), depth: 16, stencil: 0, acc: 0000, samples: 0/0
display  D   display_settings.c:527  _al_score_display_settings       [   0.06251] Score is : 769
display  D   display_settings.c:212  debug_display_settings           [   0.06253] color: 32 (rgba 8880), depth: 16, stencil: 0, acc: 0000, samples: 0/0
display  D   display_settings.c:527  _al_score_display_settings       [   0.06255] Score is : 769
display  D   display_settings.c:212  debug_display_settings           [   0.06257] color: 32 (rgba 8880), depth: 16, stencil: 0, acc: 0000, samples: 2/1
display  D   display_settings.c:527  _al_score_display_settings       [   0.06259] Score is : 598
display  D   display_settings.c:212  debug_display_settings           [   0.06261] color: 32 (rgba 8880), depth: 16, stencil: 0, acc: 0000, samples: 3/1
display  D   display_settings.c:527  _al_score_display_settings       [   0.06263] Score is : 593
display  D   display_settings.c:212  debug_display_settings           [   0.06265] color: 32 (rgba 8880), depth: 16, stencil: 0, acc: 0000, samples: 4/1
display  D   display_settings.c:527  _al_score_display_settings       [   0.06267] Score is : 589
display  D   display_settings.c:212  debug_display_settings           [   0.06269] color: 16 (rgba 5650), depth: 0, stencil: 0, acc: 0000, samples: 0/0
display  D   display_settings.c:527  _al_score_display_settings       [   0.06271] Score is : 769
display  D   display_settings.c:212  debug_display_settings           [   0.06273] color: 16 (rgba 5650), depth: 0, stencil: 0, acc: 0000, samples: 0/0
display  D   display_settings.c:527  _al_score_display_settings       [   0.06275] Score is : 769
display  D   display_settings.c:212  debug_display_settings           [   0.06277] color: 16 (rgba 5650), depth: 0, stencil: 0, acc: 0000, samples: 2/1
display  D   display_settings.c:527  _al_score_display_settings       [   0.06279] Score is : 598
display  D   display_settings.c:212  debug_display_settings           [   0.06281] color: 16 (rgba 5650), depth: 0, stencil: 0, acc: 0000, samples: 3/1
display  D   display_settings.c:527  _al_score_display_settings       [   0.06283] Score is : 593
display  D   display_settings.c:212  debug_display_settings           [   0.06285] color: 16 (rgba 5650), depth: 0, stencil: 0, acc: 0000, samples: 4/1
display  D   display_settings.c:527  _al_score_display_settings       [   0.06288] Score is : 589
display  D   display_settings.c:212  debug_display_settings           [   0.06290] color: 16 (rgba 5650), depth: 24, stencil: 8, acc: 0000, samples: 0/0
display  D   display_settings.c:527  _al_score_display_settings       [   0.06292] Score is : 769
display  D   display_settings.c:212  debug_display_settings           [   0.06294] color: 16 (rgba 5650), depth: 24, stencil: 8, acc: 0000, samples: 0/0
display  D   display_settings.c:527  _al_score_display_settings       [   0.06296] Score is : 769
display  D   display_settings.c:212  debug_display_settings           [   0.06298] color: 16 (rgba 5650), depth: 24, stencil: 8, acc: 0000, samples: 2/1
display  D   display_settings.c:527  _al_score_display_settings       [   0.06300] Score is : 598
display  D   display_settings.c:212  debug_display_settings           [   0.06302] color: 16 (rgba 5650), depth: 24, stencil: 8, acc: 0000, samples: 3/1
display  D   display_settings.c:527  _al_score_display_settings       [   0.06304] Score is : 593
display  D   display_settings.c:212  debug_display_settings           [   0.06306] color: 16 (rgba 5650), depth: 24, stencil: 8, acc: 0000, samples: 4/1
display  D   display_settings.c:527  _al_score_display_settings       [   0.06308] Score is : 589
display  D   display_settings.c:212  debug_display_settings           [   0.06310] color: 16 (rgba 5650), depth: 24, stencil: 0, acc: 0000, samples: 0/0
display  D   display_settings.c:527  _al_score_display_settings       [   0.06312] Score is : 769
display  D   display_settings.c:212  debug_display_settings           [   0.06314] color: 16 (rgba 5650), depth: 24, stencil: 0, acc: 0000, samples: 0/0
display  D   display_settings.c:527  _al_score_display_settings       [   0.06316] Score is : 769
display  D   display_settings.c:212  debug_display_settings           [   0.06318] color: 16 (rgba 5650), depth: 24, stencil: 0, acc: 0000, samples: 2/1
display  D   display_settings.c:527  _al_score_display_settings       [   0.06320] Score is : 598
display  D   display_settings.c:212  debug_display_settings           [   0.06322] color: 16 (rgba 5650), depth: 24, stencil: 0, acc: 0000, samples: 3/1
display  D   display_settings.c:527  _al_score_display_settings       [   0.06324] Score is : 593
display  D   display_settings.c:212  debug_display_settings           [   0.06326] color: 16 (rgba 5650), depth: 24, stencil: 0, acc: 0000, samples: 4/1
display  D   display_settings.c:527  _al_score_display_settings       [   0.06328] Score is : 589
display  D   display_settings.c:212  debug_display_settings           [   0.06330] color: 16 (rgba 5650), depth: 16, stencil: 0, acc: 0000, samples: 0/0
display  D   display_settings.c:527  _al_score_display_settings       [   0.06332] Score is : 769
display  D   display_settings.c:212  debug_display_settings           [   0.06334] color: 16 (rgba 5650), depth: 16, stencil: 0, acc: 0000, samples: 0/0
display  D   display_settings.c:527  _al_score_display_settings       [   0.06336] Score is : 769
display  D   display_settings.c:212  debug_display_settings           [   0.06338] color: 16 (rgba 5650), depth: 16, stencil: 0, acc: 0000, samples: 2/1
display  D   display_settings.c:527  _al_score_display_settings       [   0.06340] Score is : 598
display  D   display_settings.c:212  debug_display_settings           [   0.06342] color: 16 (rgba 5650), depth: 16, stencil: 0, acc: 0000, samples: 3/1
display  D   display_settings.c:527  _al_score_display_settings       [   0.06344] Score is : 593
display  D   display_settings.c:212  debug_display_settings           [   0.06346] color: 16 (rgba 5650), depth: 16, stencil: 0, acc: 0000, samples: 4/1
display  D   display_settings.c:527  _al_score_display_settings       [   0.06348] Score is : 589
display  D   display_settings.c:212  debug_display_settings           [   0.06356] color: 32 (rgba 8880), depth: 0, stencil: 0, acc: 0000, samples: 0/0
display  D   display_settings.c:398  _al_score_display_settings       [   0.06359] Single Buffer requirement not met.
display  D   display_settings.c:212  debug_display_settings           [   0.06361] color: 32 (rgba 8880), depth: 0, stencil: 0, acc: 0000, samples: 0/0
display  D   display_settings.c:398  _al_score_display_settings       [   0.06363] Single Buffer requirement not met.
display  D   display_settings.c:212  debug_display_settings           [   0.06365] color: 32 (rgba 8880), depth: 0, stencil: 0, acc: 0000, samples: 2/1
display  D   display_settings.c:398  _al_score_display_settings       [   0.06367] Single Buffer requirement not met.
display  D   display_settings.c:212  debug_display_settings           [   0.06369] color: 32 (rgba 8880), depth: 0, stencil: 0, acc: 0000, samples: 3/1
display  D   display_settings.c:398  _al_score_display_settings       [   0.06371] Single Buffer requirement not met.
display  D   display_settings.c:212  debug_display_settings           [   0.06373] color: 32 (rgba 8880), depth: 0, stencil: 0, acc: 0000, samples: 4/1
display  D   display_settings.c:398  _al_score_display_settings       [   0.06375] Single Buffer requirement not met.
display  D   display_settings.c:212  debug_display_settings           [   0.06377] color: 32 (rgba 8880), depth: 24, stencil: 8, acc: 0000, samples: 0/0
display  D   display_settings.c:398  _al_score_display_settings       [   0.06379] Single Buffer requirement not met.
display  D   display_settings.c:212  debug_display_settings           [   0.06381] color: 32 (rgba 8880), depth: 24, stencil: 8, acc: 0000, samples: 0/0
display  D   display_settings.c:398  _al_score_display_settings       [   0.06383] Single Buffer requirement not met.
display  D   display_settings.c:212  debug_display_settings           [   0.06385] color: 32 (rgba 8880), depth: 24, stencil: 8, acc: 0000, samples: 2/1
display  D   display_settings.c:398  _al_score_display_settings       [   0.06387] Single Buffer requirement not met.
display  D   display_settings.c:212  debug_display_settings           [   0.06389] color: 32 (rgba 8880), depth: 24, stencil: 8, acc: 0000, samples: 3/1
display  D   display_settings.c:398  _al_score_display_settings       [   0.06391] Single Buffer requirement not met.
display  D   display_settings.c:212  debug_display_settings           [   0.06393] color: 32 (rgba 8880), depth: 24, stencil: 8, acc: 0000, samples: 4/1
display  D   display_settings.c:398  _al_score_display_settings       [   0.06395] Single Buffer requirement not met.
display  D   display_settings.c:212  debug_display_settings           [   0.06397] color: 32 (rgba 8880), depth: 24, stencil: 0, acc: 0000, samples: 0/0
display  D   display_settings.c:398  _al_score_display_settings       [   0.06399] Single Buffer requirement not met.
display  D   display_settings.c:212  debug_display_settings           [   0.06401] color: 32 (rgba 8880), depth: 24, stencil: 0, acc: 0000, samples: 0/0
display  D   display_settings.c:398  _al_score_display_settings       [   0.06403] Single Buffer requirement not met.
display  D   display_settings.c:212  debug_display_settings           [   0.06405] color: 32 (rgba 8880), depth: 24, stencil: 0, acc: 0000, samples: 2/1
display  D   display_settings.c:398  _al_score_display_settings       [   0.06407] Single Buffer requirement not met.
display  D   display_settings.c:212  debug_display_settings           [   0.06409] color: 32 (rgba 8880), depth: 24, stencil: 0, acc: 0000, samples: 3/1
display  D   display_settings.c:398  _al_score_display_settings       [   0.06411] Single Buffer requirement not met.
display  D   display_settings.c:212  debug_display_settings           [   0.06413] color: 32 (rgba 8880), depth: 24, stencil: 0, acc: 0000, samples: 4/1
display  D   display_settings.c:398  _al_score_display_settings       [   0.06416] Single Buffer requirement not met.
display  D   display_settings.c:212  debug_display_settings           [   0.06417] color: 32 (rgba 8880), depth: 16, stencil: 0, acc: 0000, samples: 0/0
display  D   display_settings.c:398  _al_score_display_settings       [   0.06420] Single Buffer requirement not met.
display  D   display_settings.c:212  debug_display_settings           [   0.06422] color: 32 (rgba 8880), depth: 16, stencil: 0, acc: 0000, samples: 0/0
display  D   display_settings.c:398  _al_score_display_settings       [   0.06424] Single Buffer requirement not met.
display  D   display_settings.c:212  debug_display_settings           [   0.06426] color: 32 (rgba 8880), depth: 16, stencil: 0, acc: 0000, samples: 2/1
display  D   display_settings.c:398  _al_score_display_settings       [   0.06428] Single Buffer requirement not met.
display  D   display_settings.c:212  debug_display_settings           [   0.06430] color: 32 (rgba 8880), depth: 16, stencil: 0, acc: 0000, samples: 3/1
display  D   display_settings.c:398  _al_score_display_settings       [   0.06432] Single Buffer requirement not met.
display  D   display_settings.c:212  debug_display_settings           [   0.06434] color: 32 (rgba 8880), depth: 16, stencil: 0, acc: 0000, samples: 4/1
display  D   display_settings.c:398  _al_score_display_settings       [   0.06436] Single Buffer requirement not met.
display  D   display_settings.c:212  debug_display_settings           [   0.06438] color: 16 (rgba 5650), depth: 0, stencil: 0, acc: 0000, samples: 0/0
display  D   display_settings.c:398  _al_score_display_settings       [   0.06441] Single Buffer requirement not met.
display  D   display_settings.c:212  debug_display_settings           [   0.06443] color: 16 (rgba 5650), depth: 0, stencil: 0, acc: 0000, samples: 0/0
display  D   display_settings.c:398  _al_score_display_settings       [   0.06445] Single Buffer requirement not met.
display  D   display_settings.c:212  debug_display_settings           [   0.06447] color: 16 (rgba 5650), depth: 0, stencil: 0, acc: 0000, samples: 2/1
display  D   display_settings.c:398  _al_score_display_settings       [   0.06450] Single Buffer requirement not met.
display  D   display_settings.c:212  debug_display_settings           [   0.06452] color: 16 (rgba 5650), depth: 0, stencil: 0, acc: 0000, samples: 3/1
display  D   display_settings.c:398  _al_score_display_settings       [   0.06454] Single Buffer requirement not met.
display  D   display_settings.c:212  debug_display_settings           [   0.06456] color: 16 (rgba 5650), depth: 0, stencil: 0, acc: 0000, samples: 4/1
display  D   display_settings.c:398  _al_score_display_settings       [   0.06459] Single Buffer requirement not met.
display  D   display_settings.c:212  debug_display_settings           [   0.06461] color: 16 (rgba 5650), depth: 24, stencil: 8, acc: 0000, samples: 0/0
display  D   display_settings.c:398  _al_score_display_settings       [   0.06463] Single Buffer requirement not met.
display  D   display_settings.c:212  debug_display_settings           [   0.06466] color: 16 (rgba 5650), depth: 24, stencil: 8, acc: 0000, samples: 0/0
display  D   display_settings.c:398  _al_score_display_settings       [   0.06468] Single Buffer requirement not met.
display  D   display_settings.c:212  debug_display_settings           [   0.06470] color: 16 (rgba 5650), depth: 24, stencil: 8, acc: 0000, samples: 2/1
display  D   display_settings.c:398  _al_score_display_settings       [   0.06473] Single Buffer requirement not met.
display  D   display_settings.c:212  debug_display_settings           [   0.06475] color: 16 (rgba 5650), depth: 24, stencil: 8, acc: 0000, samples: 3/1
display  D   display_settings.c:398  _al_score_display_settings       [   0.06478] Single Buffer requirement not met.
display  D   display_settings.c:212  debug_display_settings           [   0.06480] color: 16 (rgba 5650), depth: 24, stencil: 8, acc: 0000, samples: 4/1
display  D   display_settings.c:398  _al_score_display_settings       [   0.06483] Single Buffer requirement not met.
display  D   display_settings.c:212  debug_display_settings           [   0.06485] color: 16 (rgba 5650), depth: 24, stencil: 0, acc: 0000, samples: 0/0
display  D   display_settings.c:398  _al_score_display_settings       [   0.06487] Single Buffer requirement not met.
display  D   display_settings.c:212  debug_display_settings           [   0.06490] color: 16 (rgba 5650), depth: 24, stencil: 0, acc: 0000, samples: 0/0
display  D   display_settings.c:398  _al_score_display_settings       [   0.06492] Single Buffer requirement not met.
display  D   display_settings.c:212  debug_display_settings           [   0.06493] color: 16 (rgba 5650), depth: 24, stencil: 0, acc: 0000, samples: 2/1
display  D   display_settings.c:398  _al_score_display_settings       [   0.06495] Single Buffer requirement not met.
display  D   display_settings.c:212  debug_display_settings           [   0.06497] color: 16 (rgba 5650), depth: 24, stencil: 0, acc: 0000, samples: 3/1
display  D   display_settings.c:398  _al_score_display_settings       [   0.06499] Single Buffer requirement not met.
display  D   display_settings.c:212  debug_display_settings           [   0.06501] color: 16 (rgba 5650), depth: 24, stencil: 0, acc: 0000, samples: 4/1
display  D   display_settings.c:398  _al_score_display_settings       [   0.06503] Single Buffer requirement not met.
display  D   display_settings.c:212  debug_display_settings           [   0.06505] color: 16 (rgba 5650), depth: 16, stencil: 0, acc: 0000, samples: 0/0
display  D   display_settings.c:398  _al_score_display_settings       [   0.06507] Single Buffer requirement not met.
display  D   display_settings.c:212  debug_display_settings           [   0.06508] color: 16 (rgba 5650), depth: 16, stencil: 0, acc: 0000, samples: 0/0
display  D   display_settings.c:398  _al_score_display_settings       [   0.06510] Single Buffer requirement not met.
display  D   display_settings.c:212  debug_display_settings           [   0.06512] color: 16 (rgba 5650), depth: 16, stencil: 0, acc: 0000, samples: 2/1
display  D   display_settings.c:398  _al_score_display_settings       [   0.06514] Single Buffer requirement not met.
display  D   display_settings.c:212  debug_display_settings           [   0.06516] color: 16 (rgba 5650), depth: 16, stencil: 0, acc: 0000, samples: 3/1
display  D   display_settings.c:398  _al_score_display_settings       [   0.06518] Single Buffer requirement not met.
display  D   display_settings.c:212  debug_display_settings           [   0.06520] color: 16 (rgba 5650), depth: 16, stencil: 0, acc: 0000, samples: 4/1
display  D   display_settings.c:398  _al_score_display_settings       [   0.06522] Single Buffer requirement not met.
d3d      D         d3d_disp.cpp:1682 d3d_create_display_internals     [   0.06526] Trying format 0.
d3d      I         d3d_disp.cpp:1358 d3d_display_thread_proc          [   0.06684] Chose a display format: 23
d3d      I         d3d_disp.cpp:1427 d3d_display_thread_proc          [   0.06692] Normal window.
d3d      I         d3d_disp.cpp:791  d3d_create_device                [   0.09633] Using no depth stencil buffer
d3d      D         d3d_disp.cpp:853  d3d_create_device                [   0.21339] BeginScene succeeded in create_device
d3d      D         d3d_disp.cpp:861  d3d_create_device                [   0.21348] Success
d3d      D         d3d_disp.cpp:1705 d3d_create_display_internals     [   0.21353] Resumed after wait.
d3d      I         d3d_disp.cpp:1738 d3d_create_display_internals     [   0.21362] Format 0 succeeded.
d3d      D         d3d_disp.cpp:1769 d3d_create_display_internals     [   0.21369] Returning d3d_display: 0000011eb48090c0
d3d      D         d3d_disp.cpp:1794 d3d_create_display_locked        [   0.21372] al_display=0000011eb48090c0
d3d      D         d3d_disp.cpp:1795 d3d_create_display_locked        [   0.21375] al_display->vt=0000011eb4808f50
system   D            wsystem.c:874  _al_win_safe_load_library        [   0.21428] PathFindOnPath found: C:\Windows\system32\d3dx9_43.dll
system   D            wsystem.c:780  load_library_at_path             [   0.21431] Calling LoadLibrary C:\Windows\system32\d3dx9_43.dll
system   I            wsystem.c:783  load_library_at_path             [   0.21526] Loaded C:\Windows\system32\d3dx9_43.dll
d3dx9    I        d3d_d3dx9.cpp:88   _imp_load_d3dx9_module_version   [   0.21533] Module "d3dx9_43.dll" loaded.
stdio    D         file_stdio.c:110  file_stdio_fopen                 [   0.21540] opening sprites/parede_img.png rb
stdio    D         file_stdio.c:110  file_stdio_fopen                 [   0.21563] opening sprites/parede_img.png rb
d3d      D         d3d_disp.cpp:1202 real_choose_bitmap_format        [   0.21587] Fake format
d3d      D         d3d_disp.cpp:1202 real_choose_bitmap_format        [   0.21590] Fake format
d3d      D         d3d_disp.cpp:1202 real_choose_bitmap_format        [   0.21593] Fake format
d3d      D         d3d_disp.cpp:1202 real_choose_bitmap_format        [   0.21595] Fake format
d3d      D         d3d_disp.cpp:1202 real_choose_bitmap_format        [   0.21597] Fake format
d3d      D         d3d_disp.cpp:1202 real_choose_bitmap_format        [   0.21599] Fake format
d3d      D         d3d_disp.cpp:1202 real_choose_bitmap_format        [   0.21601] Fake format
d3d      D         d3d_disp.cpp:1202 real_choose_bitmap_format        [   0.21604] Fake format
d3d      D         d3d_disp.cpp:1202 real_choose_bitmap_format        [   0.21606] Fake format
d3d      D         d3d_disp.cpp:1210 real_choose_bitmap_format        [   0.21608] Alpha doesn't match
d3d      D         d3d_disp.cpp:1217 real_choose_bitmap_format        [   0.21610] Adapter format is 23
d3d      D         d3d_disp.cpp:1220 real_choose_bitmap_format        [   0.21613] Found a format
d3d      I         d3d_disp.cpp:2391 d3d_create_bitmap                [   0.21615] Chose bitmap format 9
dtor     D               dtor.c:196  _al_register_destructor          [   0.21693] added dtor for bitmap 0000011eb5feb9b0, func 00007ff96dcf1bea
stdio    D         file_stdio.c:110  file_stdio_fopen                 [   0.21733] opening sprites/pilula_img.png rb
stdio    D         file_stdio.c:110  file_stdio_fopen                 [   0.21750] opening sprites/pilula_img.png rb
d3d      D         d3d_disp.cpp:1202 real_choose_bitmap_format        [   0.21765] Fake format
d3d      D         d3d_disp.cpp:1202 real_choose_bitmap_format        [   0.21768] Fake format
d3d      D         d3d_disp.cpp:1202 real_choose_bitmap_format        [   0.21771] Fake format
d3d      D         d3d_disp.cpp:1202 real_choose_bitmap_format        [   0.21773] Fake format
d3d      D         d3d_disp.cpp:1202 real_choose_bitmap_format        [   0.21775] Fake format
d3d      D         d3d_disp.cpp:1202 real_choose_bitmap_format        [   0.21777] Fake format
d3d      D         d3d_disp.cpp:1202 real_choose_bitmap_format        [   0.21779] Fake format
d3d      D         d3d_disp.cpp:1202 real_choose_bitmap_format        [   0.21782] Fake format
d3d      D         d3d_disp.cpp:1202 real_choose_bitmap_format        [   0.21784] Fake format
d3d      D         d3d_disp.cpp:1210 real_choose_bitmap_format        [   0.21786] Alpha doesn't match
d3d      D         d3d_disp.cpp:1217 real_choose_bitmap_format        [   0.21788] Adapter format is 23
d3d      D         d3d_disp.cpp:1220 real_choose_bitmap_format        [   0.21790] Found a format
d3d      I         d3d_disp.cpp:2391 d3d_create_bitmap                [   0.21793] Chose bitmap format 9
dtor     D               dtor.c:196  _al_register_destructor          [   0.21836] added dtor for bitmap 0000011eb5fec1f0, func 00007ff96dcf1bea
stdio    D         file_stdio.c:110  file_stdio_fopen                 [   0.21881] opening sprites/pacman.png rb
stdio    D         file_stdio.c:110  file_stdio_fopen                 [   0.21900] opening sprites/pacman.png rb
d3d      D         d3d_disp.cpp:1202 real_choose_bitmap_format        [   0.21915] Fake format
d3d      D         d3d_disp.cpp:1202 real_choose_bitmap_format        [   0.21919] Fake format
d3d      D         d3d_disp.cpp:1202 real_choose_bitmap_format        [   0.21921] Fake format
d3d      D         d3d_disp.cpp:1202 real_choose_bitmap_format        [   0.21923] Fake format
d3d      D         d3d_disp.cpp:1202 real_choose_bitmap_format        [   0.21926] Fake format
d3d      D         d3d_disp.cpp:1202 real_choose_bitmap_format        [   0.21928] Fake format
d3d      D         d3d_disp.cpp:1202 real_choose_bitmap_format        [   0.21930] Fake format
d3d      D         d3d_disp.cpp:1202 real_choose_bitmap_format        [   0.21932] Fake format
d3d      D         d3d_disp.cpp:1202 real_choose_bitmap_format        [   0.21933] Fake format
d3d      D         d3d_disp.cpp:1210 real_choose_bitmap_format        [   0.21935] Alpha doesn't match
d3d      D         d3d_disp.cpp:1217 real_choose_bitmap_format        [   0.21937] Adapter format is 23
d3d      D         d3d_disp.cpp:1220 real_choose_bitmap_format        [   0.21939] Found a format
d3d      I         d3d_disp.cpp:2391 d3d_create_bitmap                [   0.21941] Chose bitmap format 9
dtor     D               dtor.c:196  _al_register_destructor          [   0.21998] added dtor for bitmap 0000011eb5ff1360, func 00007ff96dcf1bea
dtor     D               dtor.c:196  _al_register_destructor          [   0.22068] added dtor for queue 0000011eb5feeb20, func 00007ff96dd1c5dc
d3d      D          d3d_bmp.cpp:539  _al_d3d_sync_bitmap              [   0.22910] _al_d3d_sync_bitmap (system) ref count == 1
d3d      D          d3d_bmp.cpp:545  _al_d3d_sync_bitmap              [   0.22922] _al_d3d_sync_bitmap (video) ref count == 1
d3d      D          d3d_bmp.cpp:539  _al_d3d_sync_bitmap              [   0.22979] _al_d3d_sync_bitmap (system) ref count == 1
d3d      D          d3d_bmp.cpp:545  _al_d3d_sync_bitmap              [   0.22982] _al_d3d_sync_bitmap (video) ref count == 1
d3d      D          d3d_bmp.cpp:539  _al_d3d_sync_bitmap              [   0.22994] _al_d3d_sync_bitmap (system) ref count == 1
d3d      D          d3d_bmp.cpp:545  _al_d3d_sync_bitmap              [   0.22996] _al_d3d_sync_bitmap (video) ref count == 1
